<?xml version="1.0" encoding="UTF-8"?>
<!-- Generated by org.testng.reporters.JUnitXMLReporter -->
<testsuite ignored="5" hostname="DESKTOP-E4NSF2S" failures="0" tests="1" name="Default test" time="38.366" errors="0" timestamp="26 Jul 2022 13:32:02 GMT">
  <testcase classname="testcases.android.LandingPageTest" name="verify_Login_User_Inapp" time="10.271"/>
  <testcase classname="testcases.android.LandingPageTest" name="verifyILL" time="0.0">
    <ignored/>
  </testcase> <!-- verifyILL -->
  <testcase classname="testcases.android.LandingPageTest" name="verify_Login_Btn" time="0.0">
    <ignored/>
  </testcase> <!-- verify_Login_Btn -->
  <testcase classname="testcases.android.LandingPageTest" name="verifyQuicktour_StartBTn" time="0.0">
    <ignored/>
  </testcase> <!-- verifyQuicktour_StartBTn -->
  <testcase classname="testcases.android.LandingPageTest" name="verifyInvalidPassword" time="0.0">
    <ignored/>
  </testcase> <!-- verifyInvalidPassword -->
  <testcase classname="testcases.android.LandingPageTest" name="verifyInvalidEmail" time="0.0">
    <ignored/>
  </testcase> <!-- verifyInvalidEmail -->
</testsuite> <!-- Default test -->
