<?xml version="1.0" encoding="UTF-8"?>
<testng-results ignored="5" total="6" passed="1" failed="0" skipped="0">
  <reporter-output>
  </reporter-output>
  <suite started-at="2022-07-26T13:31:24Z" name="Default suite" finished-at="2022-07-26T13:32:02Z" duration-ms="38366">
    <groups>
    </groups>
    <test started-at="2022-07-26T13:31:24Z" name="Default test" finished-at="2022-07-26T13:32:02Z" duration-ms="38366">
      <class name="testcases.android.LandingPageTest">
        <test-method is-config="true" signature="setUp()[pri:0, instance:testcases.android.LandingPageTest@422c3c7a]" started-at="2022-07-26T13:31:24Z" name="setUp" finished-at="2022-07-26T13:31:52Z" duration-ms="27527" status="PASS">
          <reporter-output>
          </reporter-output>
        </test-method> <!-- setUp -->
        <test-method signature="verify_Login_User_Inapp()[pri:3, instance:testcases.android.LandingPageTest@422c3c7a]" started-at="2022-07-26T13:31:52Z" name="verify_Login_User_Inapp" finished-at="2022-07-26T13:32:02Z" duration-ms="10271" status="PASS">
          <reporter-output>
          </reporter-output>
        </test-method> <!-- verify_Login_User_Inapp -->
        <test-method is-config="true" signature="Aftertest()[pri:0, instance:testcases.android.LandingPageTest@422c3c7a]" started-at="2022-07-26T13:32:02Z" name="Aftertest" finished-at="2022-07-26T13:32:02Z" duration-ms="2" status="PASS">
          <reporter-output>
          </reporter-output>
        </test-method> <!-- Aftertest -->
        <test-method is-config="true" signature="tearDown()[pri:0, instance:testcases.android.LandingPageTest@422c3c7a]" started-at="2022-07-26T13:32:02Z" name="tearDown" finished-at="2022-07-26T13:32:03Z" duration-ms="1181" status="PASS">
          <reporter-output>
          </reporter-output>
        </test-method> <!-- tearDown -->
      </class> <!-- testcases.android.LandingPageTest -->
    </test> <!-- Default test -->
  </suite> <!-- Default suite -->
</testng-results>
